[0.027s] Invoking command in '/home/student/ros2_ws/src/build/quiz5': AMENT_PREFIX_PATH=/home/student/ros2_ws/src/install/quiz5:${AMENT_PREFIX_PATH} CMAKE_PREFIX_PATH=/home/student/ros2_ws/src/install/quiz5:${CMAKE_PREFIX_PATH} /usr/bin/ctest -C Release -D ExperimentalTest --no-compress-output -V --force-new-ctest-process
[0.036s] UpdateCTestConfiguration  from :/home/student/ros2_ws/src/build/quiz5/CTestConfiguration.ini
[0.036s] Parse Config file:/home/student/ros2_ws/src/build/quiz5/CTestConfiguration.ini
[0.037s]    Site: labNVXMF8
[0.037s]    Build name: (empty)
[0.037s]  Add coverage exclude regular expressions.
[0.037s] Create new tag: 20250512-0531 - Experimental
[0.037s] UpdateCTestConfiguration  from :/home/student/ros2_ws/src/build/quiz5/CTestConfiguration.ini
[0.037s] Parse Config file:/home/student/ros2_ws/src/build/quiz5/CTestConfiguration.ini
[0.037s] Test project /home/student/ros2_ws/src/build/quiz5
[0.037s] Constructing a list of tests
[0.037s] Done constructing a list of tests
[0.038s] Updating test list for fixtures
[0.038s] Added 0 tests to meet fixture requirements
[0.038s] Checking test dependency graph...
[0.038s] Checking test dependency graph end
[0.038s] test 1
[0.038s]     Start 1: test_quiz5_a1
[0.038s] 
[0.038s] 1: Test command: /usr/bin/python3 "-u" "/opt/ros/humble/share/ament_cmake_ros/cmake/run_test_isolated.py" "/home/student/ros2_ws/src/build/quiz5/test_results/quiz5/test_quiz5_a1.gtest.xml" "--package-name" "quiz5" "--output-file" "/home/student/ros2_ws/src/build/quiz5/ament_cmake_gtest/test_quiz5_a1.txt" "--command" "/home/student/ros2_ws/src/build/quiz5/test_quiz5_a1" "--gtest_output=xml:/home/student/ros2_ws/src/build/quiz5/test_results/quiz5/test_quiz5_a1.gtest.xml"
[0.038s] 1: Test timeout computed to be: 60
[0.114s] 1: Running with ROS_DOMAIN_ID 1
[0.115s] 1: -- run_test.py: invoking following command in '/home/student/ros2_ws/src/build/quiz5':
[0.115s] 1:  - /home/student/ros2_ws/src/build/quiz5/test_quiz5_a1 --gtest_output=xml:/home/student/ros2_ws/src/build/quiz5/test_results/quiz5/test_quiz5_a1.gtest.xml
[0.135s] 1: Running main() from /opt/ros/humble/src/gtest_vendor/src/gtest_main.cc
[0.136s] 1: [==========] Running 3 tests from 1 test suite.
[0.136s] 1: [----------] Global test environment set-up.
[0.136s] 1: [----------] 3 tests from LaserProcessing
[0.136s] 1: [ RUN      ] LaserProcessing.CountReturns
[0.174s] 1: [INFO] [1747027913.097434069] [rosbag2_storage]: Opened database '/home/student/ros2_ws/src/install/quiz5/share/quiz5/data/ros2/ros2.db3' for READ_ONLY.
[0.335s] 1: [       OK ] LaserProcessing.CountReturns (199 ms)
[0.335s] 1: [ RUN      ] LaserProcessing.CountSegments
[0.338s] 1: [INFO] [1747027913.261711427] [rosbag2_storage]: Opened database '/home/student/ros2_ws/src/install/quiz5/share/quiz5/data/ros2/ros2.db3' for READ_ONLY.
[0.338s] 1: Point 99 to 100 distance: 0.0342381
[0.338s] 1: Point 100 to 101 distance: 0.0472485
[0.339s] 1: Point 101 to 102 distance: 0.0206319
[0.339s] 1: Point 102 to 103 distance: 0.0344398
[0.339s] 1: Point 103 to 104 distance: 0.024021
[0.339s] 1: Point 104 to 105 distance: 0.0218282
[0.339s] 1: Point 105 to 106 distance: 0.0303914
[0.339s] 1: Point 106 to 107 distance: 0.0207099
[0.339s] 1: Point 107 to 108 distance: 0.0208248
[0.339s] 1: Point 108 to 109 distance: 0.0540692
[0.339s] 1: Point 255 to 256 distance: 0.0889491
[0.339s] 1: Point 256 to 257 distance: 0.0696279
[0.340s] 1: Point 257 to 258 distance: 0.0989174
[0.340s] 1: Point 272 to 273 distance: 0.136952
[0.340s] 1: Point 337 to 338 distance: 0.123365
[0.340s] 1: Point 371 to 372 distance: 0.0700833
[0.340s] 1: Point 372 to 373 distance: 0.0746524
[0.340s] 1: Point 539 to 540 distance: 0.0270957
[0.340s] 1: Point 540 to 541 distance: 0.0229353
[0.340s] 1: Point 541 to 542 distance: 0.022974
[0.340s] 1: Point 542 to 543 distance: 0.0306527
[0.340s] 1: Point 543 to 544 distance: 0.0234109
[0.340s] 1: Point 544 to 545 distance: 0.0288068
[0.341s] 1: Point 545 to 546 distance: 0.0232425
[0.341s] 1: Point 546 to 547 distance: 0.031035
[0.341s] 1: Point 547 to 548 distance: 0.065336
[0.341s] 1: Point 562 to 563 distance: 0.176272
[0.341s] 1: [       OK ] LaserProcessing.CountSegments (4 ms)
[0.341s] 1: [ RUN      ] LaserProcessing.DetectClosestCone
[0.342s] 1: [INFO] [1747027913.264859134] [rosbag2_storage]: Opened database '/home/student/ros2_ws/src/install/quiz5/share/quiz5/data/ros2/ros2.db3' for READ_ONLY.
[0.342s] 1: /home/student/ros2_ws/src/quiz5/test/utest.cpp:127: Failure
[0.342s] 1: The difference between pt.x and 2.04752 is 2.04752, which exceeds 0.1, where
[0.342s] 1: pt.x evaluates to 0,
[0.342s] 1: 2.04752 evaluates to 2.04752, and
[0.342s] 1: 0.1 evaluates to 0.10000000000000001.
[0.342s] 1: /home/student/ros2_ws/src/quiz5/test/utest.cpp:128: Failure
[0.342s] 1: The difference between pt.y and -3.67013 is 3.6701299999999999, which exceeds 0.1, where
[0.343s] 1: pt.y evaluates to 0,
[0.343s] 1: -3.67013 evaluates to -3.6701299999999999, and
[0.343s] 1: 0.1 evaluates to 0.10000000000000001.
[0.343s] 1: [  FAILED  ] LaserProcessing.DetectClosestCone (3 ms)
[0.343s] 1: [----------] 3 tests from LaserProcessing (207 ms total)
[0.343s] 1: 
[0.343s] 1: [----------] Global test environment tear-down
[0.343s] 1: [==========] 3 tests from 1 test suite ran. (207 ms total)
[0.344s] 1: [  PASSED  ] 2 tests.
[0.344s] 1: [  FAILED  ] 1 test, listed below:
[0.344s] 1: [  FAILED  ] LaserProcessing.DetectClosestCone
[0.344s] 1: 
[0.344s] 1:  1 FAILED TEST
[0.377s] 1: -- run_test.py: return code 1
[0.378s] 1: -- run_test.py: inject classname prefix into gtest result file '/home/student/ros2_ws/src/build/quiz5/test_results/quiz5/test_quiz5_a1.gtest.xml'
[0.378s] 1: -- run_test.py: verify result file '/home/student/ros2_ws/src/build/quiz5/test_results/quiz5/test_quiz5_a1.gtest.xml'
[0.390s] 1/1 Test #1: test_quiz5_a1 ....................***Failed    0.35 sec
[0.391s] 
[0.391s] 0% tests passed[0;0m, [0;31m1 tests failed[0;0m out of 1
[0.391s] 
[0.391s] Label Time Summary:
[0.391s] gtest    =   0.35 sec*proc (1 test)
[0.391s] 
[0.391s] Total Test time (real) =   0.35 sec
[0.391s] 
[0.392s] The following tests FAILED:
[0.392s] 	[0;31m  1 - test_quiz5_a1 (Failed)[0;0m
[0.392s] Errors while running CTest
[0.392s] Output from these tests are in: /home/student/ros2_ws/src/build/quiz5/Testing/Temporary/LastTest.log
[0.393s] Use "--rerun-failed --output-on-failure" to re-run the failed cases verbosely.
[0.395s] Invoked command in '/home/student/ros2_ws/src/build/quiz5' returned '8': AMENT_PREFIX_PATH=/home/student/ros2_ws/src/install/quiz5:${AMENT_PREFIX_PATH} CMAKE_PREFIX_PATH=/home/student/ros2_ws/src/install/quiz5:${CMAKE_PREFIX_PATH} /usr/bin/ctest -C Release -D ExperimentalTest --no-compress-output -V --force-new-ctest-process
