<?xml version="1.0" encoding="UTF-8"?>
<testsuites tests="3" failures="0" disabled="0" errors="0" time="0.016" timestamp="2025-05-12T06:02:32" name="AllTests">
  <testsuite name="LaserProcessing" tests="3" failures="0" disabled="0" errors="0" time="0.016" timestamp="2025-05-12T06:02:32">
    <testcase name="CountReturns" status="run" result="completed" time="0.011" timestamp="2025-05-12T06:02:32" classname="quiz5.LaserProcessing" />
    <testcase name="CountSegments" status="run" result="completed" time="0.003" timestamp="2025-05-12T06:02:32" classname="quiz5.LaserProcessing" />
    <testcase name="DetectClosestCone" status="run" result="completed" time="0.002" timestamp="2025-05-12T06:02:32" classname="quiz5.LaserProcessing" />
  </testsuite>
</testsuites>
