UpdateCTestConfiguration  from :/home/student/ros2_ws/src/build/quiz5/CTestConfiguration.ini
Parse Config file:/home/student/ros2_ws/src/build/quiz5/CTestConfiguration.ini
   Site: labNVXMF8
   Build name: (empty)
 Add coverage exclude regular expressions.
Create new tag: 20250512-0238 - Experimental
UpdateCTestConfiguration  from :/home/student/ros2_ws/src/build/quiz5/CTestConfiguration.ini
Parse Config file:/home/student/ros2_ws/src/build/quiz5/CTestConfiguration.ini
Test project /home/student/ros2_ws/src/build/quiz5
Constructing a list of tests
Done constructing a list of tests
Updating test list for fixtures
Added 0 tests to meet fixture requirements
Checking test dependency graph...
Checking test dependency graph end
test 1
    Start 1: test_quiz5_a1

1: Test command: /usr/bin/python3 "-u" "/opt/ros/humble/share/ament_cmake_ros/cmake/run_test_isolated.py" "/home/student/ros2_ws/src/build/quiz5/test_results/quiz5/test_quiz5_a1.gtest.xml" "--package-name" "quiz5" "--output-file" "/home/student/ros2_ws/src/build/quiz5/ament_cmake_gtest/test_quiz5_a1.txt" "--command" "/home/student/ros2_ws/src/build/quiz5/test_quiz5_a1" "--gtest_output=xml:/home/student/ros2_ws/src/build/quiz5/test_results/quiz5/test_quiz5_a1.gtest.xml"
1: Test timeout computed to be: 60
1: Running with ROS_DOMAIN_ID 1
1: -- run_test.py: invoking following command in '/home/student/ros2_ws/src/build/quiz5':
1:  - /home/student/ros2_ws/src/build/quiz5/test_quiz5_a1 --gtest_output=xml:/home/student/ros2_ws/src/build/quiz5/test_results/quiz5/test_quiz5_a1.gtest.xml
1: Running main() from /opt/ros/humble/src/gtest_vendor/src/gtest_main.cc
1: [==========] Running 3 tests from 1 test suite.
1: [----------] Global test environment set-up.
1: [----------] 3 tests from LaserProcessing
1: [ RUN      ] LaserProcessing.CountReturns
1: [INFO] [1747017516.808919267] [rosbag2_storage]: Opened database '/home/student/ros2_ws/src/install/quiz5/share/quiz5/data/ros2/ros2.db3' for READ_ONLY.
1: [       OK ] LaserProcessing.CountReturns (220 ms)
1: [ RUN      ] LaserProcessing.CountSegments
1: [INFO] [1747017516.989316156] [rosbag2_storage]: Opened database '/home/student/ros2_ws/src/install/quiz5/share/quiz5/data/ros2/ros2.db3' for READ_ONLY.
1: Point 99 to 100 distance: 0.0342381
1: Point 100 to 101 distance: 0.0472485
1: Point 101 to 102 distance: 0.0206319
1: Point 102 to 103 distance: 0.0344398
1: Point 103 to 104 distance: 0.024021
1: Point 104 to 105 distance: 0.0218282
1: Point 105 to 106 distance: 0.0303914
1: Point 106 to 107 distance: 0.0207099
1: Point 107 to 108 distance: 0.0208248
1: Point 108 to 109 distance: 0.0540692
1: Point 255 to 256 distance: 0.0889491
1: Point 256 to 257 distance: 0.0696279
1: Point 257 to 258 distance: 0.0989174
1: Point 272 to 273 distance: 0.136952
1: Point 337 to 338 distance: 0.123365
1: Point 371 to 372 distance: 0.0700833
1: Point 372 to 373 distance: 0.0746524
1: Point 539 to 540 distance: 0.0270957
1: Point 540 to 541 distance: 0.0229353
1: Point 541 to 542 distance: 0.022974
1: Point 542 to 543 distance: 0.0306527
1: Point 543 to 544 distance: 0.0234109
1: Point 544 to 545 distance: 0.0288068
1: Point 545 to 546 distance: 0.0232425
1: Point 546 to 547 distance: 0.031035
1: Point 547 to 548 distance: 0.065336
1: Point 562 to 563 distance: 0.176272
1: [       OK ] LaserProcessing.CountSegments (3 ms)
1: [ RUN      ] LaserProcessing.DetectClosestCone
1: [INFO] [1747017516.993727460] [rosbag2_storage]: Opened database '/home/student/ros2_ws/src/install/quiz5/share/quiz5/data/ros2/ros2.db3' for READ_ONLY.
1: /home/student/ros2_ws/src/quiz5/test/utest.cpp:127: Failure
1: The difference between pt.x and 2.04752 is 2.04752, which exceeds 0.1, where
1: pt.x evaluates to 0,
1: 2.04752 evaluates to 2.04752, and
1: 0.1 evaluates to 0.10000000000000001.
1: /home/student/ros2_ws/src/quiz5/test/utest.cpp:128: Failure
1: The difference between pt.y and -3.67013 is 3.6701299999999999, which exceeds 0.1, where
1: pt.y evaluates to 0,
1: -3.67013 evaluates to -3.6701299999999999, and
1: 0.1 evaluates to 0.10000000000000001.
1: [  FAILED  ] LaserProcessing.DetectClosestCone (5 ms)
1: [----------] 3 tests from LaserProcessing (228 ms total)
1: 
1: [----------] Global test environment tear-down
1: [==========] 3 tests from 1 test suite ran. (228 ms total)
1: [  PASSED  ] 2 tests.
1: [  FAILED  ] 1 test, listed below:
1: [  FAILED  ] LaserProcessing.DetectClosestCone
1: 
1:  1 FAILED TEST
1: -- run_test.py: return code 1
1: -- run_test.py: inject classname prefix into gtest result file '/home/student/ros2_ws/src/build/quiz5/test_results/quiz5/test_quiz5_a1.gtest.xml'
1: -- run_test.py: verify result file '/home/student/ros2_ws/src/build/quiz5/test_results/quiz5/test_quiz5_a1.gtest.xml'
1/1 Test #1: test_quiz5_a1 ....................***Failed    0.38 sec

0% tests passed[0;0m, [0;31m1 tests failed[0;0m out of 1

Label Time Summary:
gtest    =   0.38 sec*proc (1 test)

Total Test time (real) =   0.38 sec

The following tests FAILED:
	[0;31m  1 - test_quiz5_a1 (Failed)[0;0m
