<?xml version="1.0" encoding="UTF-8"?>
<Site BuildName="(empty)"
	BuildStamp="20250512-0602-Experimental"
	Name="labNVXMF8"
	Generator="ctest-3.22.1"
	CompilerName="/usr/bin/c++"
	CompilerVersion="11.4.0"
	OSName="Linux"
	Hostname="labNVXMF8"
	OSRelease="6.8.0-1027-azure"
	OSVersion="#32~22.04.1-Ubuntu SMP Thu Apr  3 20:26:27 UTC 2025"
	OSPlatform="x86_64"
	Is64Bits="1"
	VendorString="GenuineIntel"
	VendorID="Intel Corporation"
	FamilyID="6"
	ModelID="85"
	ProcessorCacheSize="36608"
	NumberOfLogicalCPU="8"
	NumberOfPhysicalCPU="4"
	TotalVirtualMemory="0"
	TotalPhysicalMemory="15988"
	LogicalProcessorsPerPhysical="2"
	ProcessorClockFrequency="2593.91"
	>
	<Testing>
		<StartDateTime>May 12 06:02 UTC</StartDateTime>
		<StartTestTime>1747029752</StartTestTime>
		<TestList>
			<Test>./test_quiz5_a1</Test>
		</TestList>
		<Test Status="passed">
			<Name>test_quiz5_a1</Name>
			<Path>.</Path>
			<FullName>./test_quiz5_a1</FullName>
			<FullCommandLine>/usr/bin/python3 "-u" "/opt/ros/humble/share/ament_cmake_ros/cmake/run_test_isolated.py" "/home/student/ros2_ws/src/build/quiz5/test_results/quiz5/test_quiz5_a1.gtest.xml" "--package-name" "quiz5" "--output-file" "/home/student/ros2_ws/src/build/quiz5/ament_cmake_gtest/test_quiz5_a1.txt" "--command" "/home/student/ros2_ws/src/build/quiz5/test_quiz5_a1" "--gtest_output=xml:/home/student/ros2_ws/src/build/quiz5/test_results/quiz5/test_quiz5_a1.gtest.xml"</FullCommandLine>
			<Results>
				<NamedMeasurement type="numeric/double" name="Execution Time">
					<Value>0.10636</Value>
				</NamedMeasurement>
				<NamedMeasurement type="numeric/double" name="Processors">
					<Value>1</Value>
				</NamedMeasurement>
				<NamedMeasurement type="text/string" name="Completion Status">
					<Value>Completed</Value>
				</NamedMeasurement>
				<NamedMeasurement type="text/string" name="Command Line">
					<Value>/usr/bin/python3 "-u" "/opt/ros/humble/share/ament_cmake_ros/cmake/run_test_isolated.py" "/home/student/ros2_ws/src/build/quiz5/test_results/quiz5/test_quiz5_a1.gtest.xml" "--package-name" "quiz5" "--output-file" "/home/student/ros2_ws/src/build/quiz5/ament_cmake_gtest/test_quiz5_a1.txt" "--command" "/home/student/ros2_ws/src/build/quiz5/test_quiz5_a1" "--gtest_output=xml:/home/student/ros2_ws/src/build/quiz5/test_results/quiz5/test_quiz5_a1.gtest.xml"</Value>
				</NamedMeasurement>
				<NamedMeasurement type="text/string" name="Environment">
					<Value>#CTEST_RESOURCE_GROUP_COUNT=</Value>
				</NamedMeasurement>
				<Measurement>
					<Value>Running with ROS_DOMAIN_ID 1
-- run_test.py: invoking following command in '/home/student/ros2_ws/src/build/quiz5':
 - /home/student/ros2_ws/src/build/quiz5/test_quiz5_a1 --gtest_output=xml:/home/student/ros2_ws/src/build/quiz5/test_results/quiz5/test_quiz5_a1.gtest.xml
Running main() from /opt/ros/humble/src/gtest_vendor/src/gtest_main.cc
[==========] Running 3 tests from 1 test suite.
[----------] Global test environment set-up.
[----------] 3 tests from LaserProcessing
[ RUN      ] LaserProcessing.CountReturns
[INFO] [1747029752.568050998] [rosbag2_storage]: Opened database '/home/student/ros2_ws/src/install/quiz5/share/quiz5/data/ros2/ros2.db3' for READ_ONLY.
[       OK ] LaserProcessing.CountReturns (11 ms)
[ RUN      ] LaserProcessing.CountSegments
[INFO] [1747029752.577778376] [rosbag2_storage]: Opened database '/home/student/ros2_ws/src/install/quiz5/share/quiz5/data/ros2/ros2.db3' for READ_ONLY.
Point 99 to 100 distance: 0.0342381
Point 100 to 101 distance: 0.0472485
Point 101 to 102 distance: 0.0206319
Point 102 to 103 distance: 0.0344398
Point 103 to 104 distance: 0.024021
Point 104 to 105 distance: 0.0218282
Point 105 to 106 distance: 0.0303914
Point 106 to 107 distance: 0.0207099
Point 107 to 108 distance: 0.0208248
Point 108 to 109 distance: 0.0540692
Point 255 to 256 distance: 0.0889491
Point 256 to 257 distance: 0.0696279
Point 257 to 258 distance: 0.0989174
Point 272 to 273 distance: 0.136952
Point 337 to 338 distance: 0.123365
Point 371 to 372 distance: 0.0700833
Point 372 to 373 distance: 0.0746524
Point 539 to 540 distance: 0.0270957
Point 540 to 541 distance: 0.0229353
Point 541 to 542 distance: 0.022974
Point 542 to 543 distance: 0.0306527
Point 543 to 544 distance: 0.0234109
Point 544 to 545 distance: 0.0288068
Point 545 to 546 distance: 0.0232425
Point 546 to 547 distance: 0.031035
Point 547 to 548 distance: 0.065336
Point 562 to 563 distance: 0.176272
[       OK ] LaserProcessing.CountSegments (3 ms)
[ RUN      ] LaserProcessing.DetectClosestCone
[INFO] [1747029752.580588099] [rosbag2_storage]: Opened database '/home/student/ros2_ws/src/install/quiz5/share/quiz5/data/ros2/ros2.db3' for READ_ONLY.
[       OK ] LaserProcessing.DetectClosestCone (2 ms)
[----------] 3 tests from LaserProcessing (16 ms total)

[----------] Global test environment tear-down
[==========] 3 tests from 1 test suite ran. (16 ms total)
[  PASSED  ] 3 tests.
-- run_test.py: return code 0
-- run_test.py: inject classname prefix into gtest result file '/home/student/ros2_ws/src/build/quiz5/test_results/quiz5/test_quiz5_a1.gtest.xml'
-- run_test.py: verify result file '/home/student/ros2_ws/src/build/quiz5/test_results/quiz5/test_quiz5_a1.gtest.xml'
</Value>
				</Measurement>
			</Results>
			<Labels>
				<Label>gtest</Label>
			</Labels>
		</Test>
		<EndDateTime>May 12 06:02 UTC</EndDateTime>
		<EndTestTime>1747029752</EndTestTime>
		<ElapsedMinutes>0</ElapsedMinutes>
	</Testing>
</Site>
