[0.016s] Invoking command in '/home/student/ros2_ws/src/build/quiz5': CMAKE_PREFIX_PATH=${CMAKE_PREFIX_PATH}:/opt/ros/humble /usr/bin/cmake --build /home/student/ros2_ws/src/build/quiz5 -- -j8 -l8
[0.082s] [ 18%] Built target laserprocessing
[0.082s] [ 54%] Built target gtest
[0.082s] [ 54%] Built target gtest_main
[0.096s] [35m[1mConsolidate compiler generated dependencies of target sample[0m
[0.111s] [ 72%] Built target test_quiz5_a1
[0.121s] [ 81%] [32mBuilding CXX object CMakeFiles/sample.dir/src/detection_node.cpp.o[0m
[2.538s] [01m[K/home/student/ros2_ws/src/quiz5/src/detection_node.cpp:[m[K In constructor â€˜[01m[KDetection::Detection()[m[Kâ€™:
[2.538s] [01m[K/home/student/ros2_ws/src/quiz5/src/detection_node.cpp:22:13:[m[K [01;31m[Kerror: [m[Kexpected â€˜[01m[K;[m[Kâ€™ before â€˜[01m[Kthis[m[Kâ€™
[2.538s]    22 |     service_[01;31m[K [m[K[32m[Kthis[m[K->create_service<std_srvs::srv::Trigger>(
[2.538s]       |             [01;31m[K^[m[K[32m[K~~~~[m[K
[2.538s]       |             [32m[K;[m[K
[2.538s] [01m[K/home/student/ros2_ws/src/quiz5/src/detection_node.cpp:22:5:[m[K [01;35m[Kwarning: [m[Kstatement has no effect [[01;35m[K]8;;https://gcc.gnu.org/onlinedocs/gcc/Warning-Options.html#index-Wunused-value-Wunused-value]8;;[m[K]
[2.538s]    22 |     [01;35m[Kservice_[m[K this->create_service<std_srvs::srv::Trigger>(
[2.538s]       |     [01;35m[K^~~~~~~~[m[K
[2.543s] [01m[K/home/student/ros2_ws/src/quiz5/src/detection_node.cpp:[m[K In member function â€˜[01m[Kvoid Detection::detect()[m[Kâ€™:
[2.543s] [01m[K/home/student/ros2_ws/src/quiz5/src/detection_node.cpp:65:59:[m[K [01;31m[Kerror: [m[Kinvalid declarator before â€˜[01m[Kres[m[Kâ€™
[2.543s]    65 |         std::shared_ptr<std_srvs::srv::Trigger::Response> [01;31m[Kres[m[K;
[2.543s]       |                                                           [01;31m[K^~~[m[K
[2.543s] [01m[K/home/student/ros2_ws/src/quiz5/src/detection_node.cpp:68:18:[m[K [01;31m[Kerror: [m[Kâ€˜[01m[Kusing element_type = struct std_srvs::srv::Trigger_Request_<std::allocator<void> >[m[Kâ€™ {aka â€˜[01m[Kstruct std_srvs::srv::Trigger_Request_<std::allocator<void> >[m[Kâ€™} has no member named â€˜[01m[Ksuccess[m[Kâ€™
[2.543s]    68 |             req->[01;31m[Ksuccess[m[K = true;
[2.543s]       |                  [01;31m[K^~~~~~~[m[K
[2.548s] [01m[K/home/student/ros2_ws/src/quiz5/src/detection_node.cpp:69:13:[m[K [01;31m[Kerror: [m[Kâ€˜[01m[Kres[m[Kâ€™ was not declared in this scope; did you mean â€˜[01m[Kreq[m[Kâ€™?
[2.548s]    69 |             [01;31m[Kres[m[K->message = "Road centre detected";
[2.548s]       |             [01;31m[K^~~[m[K
[2.548s]       |             [32m[Kreq[m[K
[4.937s] gmake[2]: *** [CMakeFiles/sample.dir/build.make:90: CMakeFiles/sample.dir/src/detection_node.cpp.o] Error 1
[4.937s] gmake[1]: *** [CMakeFiles/Makefile2:185: CMakeFiles/sample.dir/all] Error 2
[4.937s] gmake: *** [Makefile:146: all] Error 2
[4.941s] Invoked command in '/home/student/ros2_ws/src/build/quiz5' returned '2': CMAKE_PREFIX_PATH=${CMAKE_PREFIX_PATH}:/opt/ros/humble /usr/bin/cmake --build /home/student/ros2_ws/src/build/quiz5 -- -j8 -l8
