<?xml version="1.0" encoding="UTF-8"?>
<Site BuildName="(empty)"
	BuildStamp="20250511-0915-Experimental"
	Name="labNVXMF8"
	Generator="ctest-3.22.1"
	CompilerName="/usr/bin/c++"
	CompilerVersion="11.4.0"
	OSName="Linux"
	Hostname="labNVXMF8"
	OSRelease="6.8.0-1027-azure"
	OSVersion="#32~22.04.1-Ubuntu SMP Thu Apr  3 20:26:27 UTC 2025"
	OSPlatform="x86_64"
	Is64Bits="1"
	VendorString="GenuineIntel"
	VendorID="Intel Corporation"
	FamilyID="6"
	ModelID="85"
	ProcessorCacheSize="36608"
	NumberOfLogicalCPU="8"
	NumberOfPhysicalCPU="4"
	TotalVirtualMemory="0"
	TotalPhysicalMemory="15988"
	LogicalProcessorsPerPhysical="2"
	ProcessorClockFrequency="2593.91"
	>
	<Testing>
		<StartDateTime>May 11 09:48 UTC</StartDateTime>
		<StartTestTime>1746956894</StartTestTime>
		<TestList/>
		<EndDateTime>May 11 09:48 UTC</EndDateTime>
		<EndTestTime>1746956894</EndTestTime>
		<ElapsedMinutes>0</ElapsedMinutes>
	</Testing>
</Site>
