-- Found ament_cmake: 1.3.11 (/opt/ros/humble/share/ament_cmake/cmake)
-- Override CMake install command with custom implementation using symlinks instead of copying resources
-- Found rclcpp: 16.0.12 (/opt/ros/humble/share/rclcpp/cmake)
-- Found rosidl_generator_c: 3.1.6 (/opt/ros/humble/share/rosidl_generator_c/cmake)
-- Found rosidl_adapter: 3.1.6 (/opt/ros/humble/share/rosidl_adapter/cmake)
-- Found rosidl_generator_cpp: 3.1.6 (/opt/ros/humble/share/rosidl_generator_cpp/cmake)
-- Using all available rosidl_typesupport_c: rosidl_typesupport_fastrtps_c;rosidl_typesupport_introspection_c
-- Using all available rosidl_typesupport_cpp: rosidl_typesupport_fastrtps_cpp;rosidl_typesupport_introspection_cpp
-- Found rmw_implementation_cmake: 6.1.2 (/opt/ros/humble/share/rmw_implementation_cmake/cmake)
-- Found rmw_fastrtps_cpp: 6.2.7 (/opt/ros/humble/share/rmw_fastrtps_cpp/cmake)
-- Using RMW implementation 'rmw_fastrtps_cpp' as default
-- Found nav_msgs: 4.8.0 (/opt/ros/humble/share/nav_msgs/cmake)
-- Found sensor_msgs: 4.8.0 (/opt/ros/humble/share/sensor_msgs/cmake)
-- Found tf2: 0.25.12 (/opt/ros/humble/share/tf2/cmake)
-- Found tf2_ros: 0.25.12 (/opt/ros/humble/share/tf2_ros/cmake)
-- Found tf2_geometry_msgs: 0.25.12 (/opt/ros/humble/share/tf2_geometry_msgs/cmake)
-- Found eigen3_cmake_module: 0.1.1 (/opt/ros/humble/share/eigen3_cmake_module/cmake)
-- Ensuring Eigen3 include directory is part of orocos-kdl CMake target
-- Found ament_cmake_ros: 0.10.0 (/opt/ros/humble/share/ament_cmake_ros/cmake)
-- Found rosbag2_cpp: 0.15.14 (/opt/ros/humble/share/rosbag2_cpp/cmake)
-- Found std_srvs: 4.8.0 (/opt/ros/humble/share/std_srvs/cmake)
-- Found gtest sources under '/opt/ros/humble/src/gtest_vendor': C++ tests using 'Google Test' will be built
-- Configuring done
-- Generating done
-- Build files have been written to: /home/student/ros2_ws/src/build/quiz5
[35m[1mConsolidate compiler generated dependencies of target gtest_main[0m
[35m[1mConsolidate compiler generated dependencies of target gtest[0m
[35m[1mConsolidate compiler generated dependencies of target laserprocessing[0m
[ 18%] Built target gtest_main
[ 36%] Built target laserprocessing
[ 54%] Built target gtest
[35m[1mConsolidate compiler generated dependencies of target test_quiz5_a1[0m
[35m[1mConsolidate compiler generated dependencies of target sample[0m
[ 72%] Built target test_quiz5_a1
[ 81%] [32mBuilding CXX object CMakeFiles/sample.dir/src/main.cpp.o[0m
[ 90%] [32mBuilding CXX object CMakeFiles/sample.dir/src/detection_node.cpp.o[0m
[01m[K/home/student/ros2_ws/src/quiz5/src/detection_node.cpp:[m[K In constructor â€˜[01m[KDetection::Detection()[m[Kâ€™:
[01m[K/home/student/ros2_ws/src/quiz5/src/detection_node.cpp:22:13:[m[K [01;31m[Kerror: [m[Kexpected â€˜[01m[K;[m[Kâ€™ before â€˜[01m[Kthis[m[Kâ€™
   22 |     service_[01;31m[K [m[K[32m[Kthis[m[K->create_service<std_srvs::srv::Trigger>(
      |             [01;31m[K^[m[K[32m[K~~~~[m[K
      |             [32m[K;[m[K
[01m[K/home/student/ros2_ws/src/quiz5/src/detection_node.cpp:22:5:[m[K [01;35m[Kwarning: [m[Kstatement has no effect [[01;35m[K]8;;https://gcc.gnu.org/onlinedocs/gcc/Warning-Options.html#index-Wunused-value-Wunused-value]8;;[m[K]
   22 |     [01;35m[Kservice_[m[K this->create_service<std_srvs::srv::Trigger>(
      |     [01;35m[K^~~~~~~~[m[K
[01m[K/home/student/ros2_ws/src/quiz5/src/detection_node.cpp:[m[K In member function â€˜[01m[Kvoid Detection::detect()[m[Kâ€™:
[01m[K/home/student/ros2_ws/src/quiz5/src/detection_node.cpp:65:59:[m[K [01;31m[Kerror: [m[Kinvalid declarator before â€˜[01m[Kres[m[Kâ€™
   65 |         std::shared_ptr<std_srvs::srv::Trigger::Response> [01;31m[Kres[m[K;
      |                                                           [01;31m[K^~~[m[K
[01m[K/home/student/ros2_ws/src/quiz5/src/detection_node.cpp:68:13:[m[K [01;31m[Kerror: [m[Kâ€˜[01m[Kres[m[Kâ€™ was not declared in this scope; did you mean â€˜[01m[Kreq[m[Kâ€™?
   68 |             [01;31m[Kres[m[K->success = true;
      |             [01;31m[K^~~[m[K
      |             [32m[Kreq[m[K
gmake[2]: *** [CMakeFiles/sample.dir/build.make:90: CMakeFiles/sample.dir/src/detection_node.cpp.o] Error 1
gmake[1]: *** [CMakeFiles/Makefile2:185: CMakeFiles/sample.dir/all] Error 2
gmake: *** [Makefile:146: all] Error 2
