[0.015s] Invoking command in '/home/student/ros2_ws/src/build/quiz5': CMAKE_PREFIX_PATH=${CMAKE_PREFIX_PATH}:/opt/ros/humble /usr/bin/cmake --build /home/student/ros2_ws/src/build/quiz5 -- -j8 -l8
[0.046s] -- Found ament_cmake: 1.3.11 (/opt/ros/humble/share/ament_cmake/cmake)
[0.174s] -- Override CMake install command with custom implementation using symlinks instead of copying resources
[0.184s] -- Found rclcpp: 16.0.12 (/opt/ros/humble/share/rclcpp/cmake)
[0.214s] -- Found rosidl_generator_c: 3.1.6 (/opt/ros/humble/share/rosidl_generator_c/cmake)
[0.216s] -- Found rosidl_adapter: 3.1.6 (/opt/ros/humble/share/rosidl_adapter/cmake)
[0.225s] -- Found rosidl_generator_cpp: 3.1.6 (/opt/ros/humble/share/rosidl_generator_cpp/cmake)
[0.241s] -- Using all available rosidl_typesupport_c: rosidl_typesupport_fastrtps_c;rosidl_typesupport_introspection_c
[0.259s] -- Using all available rosidl_typesupport_cpp: rosidl_typesupport_fastrtps_cpp;rosidl_typesupport_introspection_cpp
[0.308s] -- Found rmw_implementation_cmake: 6.1.2 (/opt/ros/humble/share/rmw_implementation_cmake/cmake)
[0.310s] -- Found rmw_fastrtps_cpp: 6.2.7 (/opt/ros/humble/share/rmw_fastrtps_cpp/cmake)
[0.429s] -- Using RMW implementation 'rmw_fastrtps_cpp' as default
[0.485s] -- Found nav_msgs: 4.8.0 (/opt/ros/humble/share/nav_msgs/cmake)
[0.517s] -- Found sensor_msgs: 4.8.0 (/opt/ros/humble/share/sensor_msgs/cmake)
[0.535s] -- Found tf2: 0.25.12 (/opt/ros/humble/share/tf2/cmake)
[0.539s] -- Found tf2_ros: 0.25.12 (/opt/ros/humble/share/tf2_ros/cmake)
[0.623s] -- Found tf2_geometry_msgs: 0.25.12 (/opt/ros/humble/share/tf2_geometry_msgs/cmake)
[0.626s] -- Found eigen3_cmake_module: 0.1.1 (/opt/ros/humble/share/eigen3_cmake_module/cmake)
[0.628s] -- Ensuring Eigen3 include directory is part of orocos-kdl CMake target
[0.630s] -- Found ament_cmake_ros: 0.10.0 (/opt/ros/humble/share/ament_cmake_ros/cmake)
[0.632s] -- Found rosbag2_cpp: 0.15.14 (/opt/ros/humble/share/rosbag2_cpp/cmake)
[0.667s] -- Found std_srvs: 4.8.0 (/opt/ros/humble/share/std_srvs/cmake)
[0.713s] -- Found gtest sources under '/opt/ros/humble/src/gtest_vendor': C++ tests using 'Google Test' will be built
[0.794s] -- Configuring done
[0.822s] -- Generating done
[0.833s] -- Build files have been written to: /home/student/ros2_ws/src/build/quiz5
[0.870s] [35m[1mConsolidate compiler generated dependencies of target gtest_main[0m
[0.870s] [35m[1mConsolidate compiler generated dependencies of target gtest[0m
[0.871s] [35m[1mConsolidate compiler generated dependencies of target laserprocessing[0m
[0.889s] [ 18%] Built target gtest_main
[0.889s] [ 36%] Built target laserprocessing
[0.890s] [ 54%] Built target gtest
[0.902s] [35m[1mConsolidate compiler generated dependencies of target test_quiz5_a1[0m
[0.902s] [35m[1mConsolidate compiler generated dependencies of target sample[0m
[0.928s] [ 72%] Built target test_quiz5_a1
[0.930s] [ 81%] [32mBuilding CXX object CMakeFiles/sample.dir/src/main.cpp.o[0m
[0.931s] [ 90%] [32mBuilding CXX object CMakeFiles/sample.dir/src/detection_node.cpp.o[0m
[3.655s] [01m[K/home/student/ros2_ws/src/quiz5/src/detection_node.cpp:[m[K In constructor â€˜[01m[KDetection::Detection()[m[Kâ€™:
[3.655s] [01m[K/home/student/ros2_ws/src/quiz5/src/detection_node.cpp:22:13:[m[K [01;31m[Kerror: [m[Kexpected â€˜[01m[K;[m[Kâ€™ before â€˜[01m[Kthis[m[Kâ€™
[3.655s]    22 |     service_[01;31m[K [m[K[32m[Kthis[m[K->create_service<std_srvs::srv::Trigger>(
[3.655s]       |             [01;31m[K^[m[K[32m[K~~~~[m[K
[3.655s]       |             [32m[K;[m[K
[3.655s] [01m[K/home/student/ros2_ws/src/quiz5/src/detection_node.cpp:22:5:[m[K [01;35m[Kwarning: [m[Kstatement has no effect [[01;35m[K]8;;https://gcc.gnu.org/onlinedocs/gcc/Warning-Options.html#index-Wunused-value-Wunused-value]8;;[m[K]
[3.655s]    22 |     [01;35m[Kservice_[m[K this->create_service<std_srvs::srv::Trigger>(
[3.655s]       |     [01;35m[K^~~~~~~~[m[K
[3.661s] [01m[K/home/student/ros2_ws/src/quiz5/src/detection_node.cpp:[m[K In member function â€˜[01m[Kvoid Detection::detect()[m[Kâ€™:
[3.661s] [01m[K/home/student/ros2_ws/src/quiz5/src/detection_node.cpp:65:59:[m[K [01;31m[Kerror: [m[Kinvalid declarator before â€˜[01m[Kres[m[Kâ€™
[3.661s]    65 |         std::shared_ptr<std_srvs::srv::Trigger::Response> [01;31m[Kres[m[K;
[3.661s]       |                                                           [01;31m[K^~~[m[K
[3.666s] [01m[K/home/student/ros2_ws/src/quiz5/src/detection_node.cpp:68:13:[m[K [01;31m[Kerror: [m[Kâ€˜[01m[Kres[m[Kâ€™ was not declared in this scope; did you mean â€˜[01m[Kreq[m[Kâ€™?
[3.666s]    68 |             [01;31m[Kres[m[K->success = true;
[3.666s]       |             [01;31m[K^~~[m[K
[3.666s]       |             [32m[Kreq[m[K
[6.103s] gmake[2]: *** [CMakeFiles/sample.dir/build.make:90: CMakeFiles/sample.dir/src/detection_node.cpp.o] Error 1
[6.103s] gmake[1]: *** [CMakeFiles/Makefile2:185: CMakeFiles/sample.dir/all] Error 2
[6.103s] gmake: *** [Makefile:146: all] Error 2
[6.106s] Invoked command in '/home/student/ros2_ws/src/build/quiz5' returned '2': CMAKE_PREFIX_PATH=${CMAKE_PREFIX_PATH}:/opt/ros/humble /usr/bin/cmake --build /home/student/ros2_ws/src/build/quiz5 -- -j8 -l8
